[INFO] Scanning for projects...
[INFO] 
[INFO] [1m------< [0;36mcom.anikdv.blog.app:SpringBoot-Blog-Application-BackEnd[0;1m >-------[m
[INFO] [1mBuilding SpringBoot-Blog-Application-BackEnd 1.0-SNAPSHOT[m
[INFO]   from pom.xml
[INFO] [1m--------------------------------[ war ]---------------------------------[m
[INFO] 
[INFO] [1m--- [0;32mclean:3.2.0:clean[m [1m(default-clean)[m @ [36mSpringBoot-Blog-Application-BackEnd[0;1m ---[m
[INFO] Deleting /home/anikdv/git/Blog-Application-BackEnd/target
[INFO] 
[INFO] [1m--- [0;32mjacoco:0.8.10:prepare-agent[m [1m(prepare-agent)[m @ [36mSpringBoot-Blog-Application-BackEnd[0;1m ---[m
[INFO] argLine set to -javaagent:/home/anikdv/.m2/repository/org/jacoco/org.jacoco.agent/0.8.10/org.jacoco.agent-0.8.10-runtime.jar=destfile=/home/anikdv/git/Blog-Application-BackEnd/target/jacoco.exec,excludes=**/com/anikdv/blog/app/SpringBootBlogApplicationBackEndApplication.class:**/com/anikdv/blog/app/ServletInitializer.class
[INFO] 
[INFO] [1m--- [0;32mresources:3.3.1:resources[m [1m(default-resources)[m @ [36mSpringBoot-Blog-Application-BackEnd[0;1m ---[m
[INFO] Copying 3 resources from src/main/resources to target/classes
[INFO] Copying 0 resource from src/main/resources to target/classes
[INFO] 
[INFO] [1m--- [0;32mcompiler:3.11.0:compile[m [1m(default-compile)[m @ [36mSpringBoot-Blog-Application-BackEnd[0;1m ---[m
[INFO] Changes detected - recompiling the module! :source
[INFO] Compiling 40 source files with javac [debug release 17] to target/classes
[WARNING] /home/anikdv/git/Blog-Application-BackEnd/src/main/java/com/anikdv/blog/app/configurations/SecurityConfiguration.java:[31,33] oauth2Client() in org.springframework.security.config.annotation.web.builders.HttpSecurity has been deprecated and marked for removal
[WARNING] /home/anikdv/git/Blog-Application-BackEnd/src/main/java/com/anikdv/blog/app/configurations/SecurityConfiguration.java:[31,48] and() in org.springframework.security.config.annotation.SecurityConfigurerAdapter has been deprecated and marked for removal
[WARNING] /home/anikdv/git/Blog-Application-BackEnd/src/main/java/com/anikdv/blog/app/configurations/SecurityConfiguration.java:[31,54] oauth2ResourceServer() in org.springframework.security.config.annotation.web.builders.HttpSecurity has been deprecated and marked for removal
[WARNING] /home/anikdv/git/Blog-Application-BackEnd/src/main/java/com/anikdv/blog/app/configurations/SecurityConfiguration.java:[31,77] jwt() in org.springframework.security.config.annotation.web.configurers.oauth2.server.resource.OAuth2ResourceServerConfigurer has been deprecated and marked for removal
[INFO] [1m------------------------------------------------------------------------[m
[INFO] [1;32mBUILD SUCCESS[m
[INFO] [1m------------------------------------------------------------------------[m
[INFO] Total time:  12.237 s
[INFO] Finished at: 2023-12-16T22:01:01+06:00
[INFO] [1m------------------------------------------------------------------------[m
